2024-01-19 22:11:24,155 - INFO - 加载配置文件
2024-01-19 22:11:24,155 - INFO - 初始化文件上传队列
2024-01-19 22:11:24,155 - INFO - 初始化状态控制器
2024-01-19 22:11:24,155 - DEBUG - 正在初始化状态控制器
2024-01-19 22:11:24,156 - DEBUG - 同步未上传状态到队列中
2024-01-19 22:11:24,156 - INFO - 启动文件检测线程
2024-01-19 22:11:24,156 - INFO - 开始检查新文件
2024-01-19 22:11:24,156 - INFO - 启动文件上传线程
2024-01-19 22:11:24,156 - INFO - 开始监控上传任务
2024-01-19 22:11:24,156 - DEBUG - 从队列中提取任务
2024-01-19 22:11:24,156 - DEBUG - 提取完毕
2024-01-19 22:11:24,156 - DEBUG - 设置任务状态为正在上传
2024-01-19 22:11:24,156 - INFO - 检查目录 测试运行 中的文件
2024-01-19 22:11:24,156 - DEBUG - 总共发现 7 个文件
2024-01-19 22:11:24,156 - DEBUG - 正在处理 测试运行/网站备案用户手册.pdf 文件
2024-01-19 22:11:24,156 - DEBUG - 测试运行/网站备案用户手册.pdf 文件的最后修改时间为 1696656608.0
2024-01-19 22:11:24,156 - DEBUG - 正在处理 测试运行/网站备案常见问题.pdf 文件
2024-01-19 22:11:24,156 - DEBUG - 测试运行/网站备案常见问题.pdf 文件的最后修改时间为 1696656582.0
2024-01-19 22:11:24,156 - DEBUG - 正在处理 测试运行/tele1.jpg 文件
2024-01-19 22:11:24,156 - DEBUG - 测试运行/tele1.jpg 文件的最后修改时间为 1704458015.0
2024-01-19 22:11:24,156 - DEBUG - 正在处理 测试运行/tele2.jpg 文件
2024-01-19 22:11:24,156 - DEBUG - 测试运行/tele2.jpg 文件的最后修改时间为 1704479009.0
2024-01-19 22:11:24,156 - DEBUG - 正在处理 测试运行/网站备案办事指南.pdf 文件
2024-01-19 22:11:24,156 - DEBUG - 测试运行/网站备案办事指南.pdf 文件的最后修改时间为 1696656548.0
2024-01-19 22:11:24,156 - DEBUG - 正在处理 测试运行/z/zotero.png 文件
2024-01-19 22:11:24,156 - DEBUG - 测试运行/z/zotero.png 文件的最后修改时间为 1704092485.3703685
2024-01-19 22:11:24,156 - DEBUG - 正在处理 测试运行/z/tele3.jpg 文件
2024-01-19 22:11:24,156 - DEBUG - 测试运行/z/tele3.jpg 文件的最后修改时间为 1704457996.0
2024-01-19 22:11:24,156 - DEBUG - 更新最后一次检查时间2024-01-19 22:11:24
2024-01-19 22:11:24,157 - DEBUG - 创建上传器
2024-01-19 22:11:24,157 - DEBUG - 应用名称：摄影素材自动备份    望远镜设备名称：MyTelescope
2024-01-19 22:11:24,157 - INFO - 正在上传测试运行/z/zotero.png
2024-01-19 22:11:24,157 - DEBUG - 预处理 测试运行/z/zotero.png 
2024-01-19 22:11:24,157 - DEBUG - 文件预处理
2024-01-19 22:11:24,157 - DEBUG - 切片文件
2024-01-19 22:11:24,157 - DEBUG - 读取文件 测试运行/z/zotero.png 准备切片
2024-01-19 22:11:24,157 - DEBUG - 创建第0个切片
2024-01-19 22:11:24,157 - DEBUG - 加入第0个切片到 chunks
2024-01-19 22:11:24,158 - DEBUG - 切片列表中含有1个切片
2024-01-19 22:11:24,158 - DEBUG - 构建 block_list
2024-01-19 22:11:24,158 - DEBUG - Auth：当前token为
2024-01-19 22:11:24,158 - DEBUG - 无token
2024-01-19 22:11:24,158 - DEBUG - 执行_auth_flow
2024-01-19 22:11:24,158 - DEBUG - 执行_get_device_code
2024-01-19 22:11:24,158 - DEBUG - 请求 device code
2024-01-19 22:11:25,770 - DEBUG - 开始轮询获取Access Token
2024-01-19 22:11:25,777 - INFO - 发送第0次 device token 请求
2024-01-19 22:11:26,068 - DEBUG - 执行_check_exception
2024-01-19 22:11:26,070 - DEBUG - 提取Auth 错误信息 match :<re.Match object; span=(488, 608), match='HTTP response body: {"error":"authorization_pendi>
2024-01-19 22:11:26,070 - DEBUG - Auth 尝试自我修复
2024-01-19 22:11:26,070 - INFO - 用户未扫二维码完成授权
2024-01-19 22:11:32,076 - DEBUG - 开始轮询获取Access Token
2024-01-19 22:11:32,079 - INFO - 发送第1次 device token 请求
2024-01-19 22:11:32,536 - DEBUG - 执行_check_exception
2024-01-19 22:11:32,537 - DEBUG - 提取Auth 错误信息 match :<re.Match object; span=(488, 608), match='HTTP response body: {"error":"authorization_pendi>
2024-01-19 22:11:32,537 - DEBUG - Auth 尝试自我修复
2024-01-19 22:11:32,537 - INFO - 用户未扫二维码完成授权
2024-01-19 22:11:38,543 - DEBUG - 开始轮询获取Access Token
2024-01-19 22:11:38,544 - INFO - 发送第2次 device token 请求
2024-01-19 22:11:39,004 - INFO - 成功获取 Access Token 
2024-01-19 22:11:39,008 - DEBUG - 正在更新 Tokens
2024-01-19 22:11:39,008 - DEBUG - 正在更新 AccessToken : 126.d4e31b6a2fb2281af4aa25ad6ee50999.YneUfftF6NPRxSiZZWRbLGhizfGyGV2S4lMuDyn.FeoBYA
2024-01-19 22:11:39,008 - DEBUG - 正在更新 RefreshToken : 127.52f65085968dc5d433d3bcab00b86e87.Ym6GUUjm-GWFnY6-QbH0JeXeVUPwN0ov-UqgX88.JTRDBQ
2024-01-19 22:11:39,009 - DEBUG - 正在写入配置文件
2024-01-19 22:11:39,009 - INFO - 已更新配置文件 BaiduCloud 部分
2024-01-19 22:11:39,009 - DEBUG - 有token
2024-01-19 22:11:39,009 - DEBUG - uploader 向 auth 获取 token:126.d4e31b6a2fb2281af4aa25ad6ee50999.YneUfftF6NPRxSiZZWRbLGhizfGyGV2S4lMuDyn.FeoBYA
2024-01-19 22:11:39,009 - DEBUG - 预上传 测试运行/z/zotero.png 
2024-01-19 22:11:39,009 - DEBUG - 调用预上传api
2024-01-19 22:11:39,009 - DEBUG - 预上传参数:
path:/apps/摄影素材自动备份/MyTelescope/测试运行/z/zotero.png
isdir:0
size:2154
autoinit:1
block_list:["f7902dd5d97853b65e0531b92d1d4e61"]
2024-01-19 22:11:39,009 - DEBUG - 发起uploadid请求
2024-01-19 22:11:39,496 - DEBUG - 本次请求得到uploadid:N1-MjAwMToyNTA6MzAwMjozMjcwOjUxZTU6MzMxZTo2ZDYxOjdlNTE6MTcwNTY3MzQ5OTo0Mzg5MTg2Mjg0MjI3NDQzOTk=
2024-01-19 22:11:39,496 - DEBUG - 正在检查上传模块错误码:0
2024-01-19 22:11:39,496 - DEBUG - uploader 无法自我修复
2024-01-19 22:11:39,496 - DEBUG - 获取uploadid：N1-MjAwMToyNTA6MzAwMjozMjcwOjUxZTU6MzMxZTo2ZDYxOjdlNTE6MTcwNTY3MzQ5OTo0Mzg5MTg2Mjg0MjI3NDQzOTk=
2024-01-19 22:11:39,497 - DEBUG - 分片上传 测试运行/z/zotero.png 
2024-01-19 22:11:39,498 - DEBUG - 调用分片上传api
2024-01-19 22:11:40,066 - DEBUG - 调用分片上传api
2024-01-19 22:11:40,535 - DEBUG - 清理缓存测试运行/z/zotero.png_path_chunk_0
2024-01-19 22:11:40,536 - DEBUG - 调用创建文件api
2024-01-19 22:11:41,039 - INFO - 成功上传 测试运行/z/zotero.png
2024-01-19 22:11:41,039 - DEBUG - 从队列中提取任务
2024-01-19 22:11:45,992 - DEBUG - 上传队列空闲中...
2024-01-19 22:11:45,994 - DEBUG - 从队列中提取任务
2024-01-19 22:11:51,000 - DEBUG - 上传队列空闲中...
2024-01-19 22:11:51,000 - DEBUG - 从队列中提取任务
2024-01-19 22:11:56,005 - DEBUG - 上传队列空闲中...
2024-01-19 22:11:56,005 - DEBUG - 从队列中提取任务
2024-01-19 22:12:01,006 - DEBUG - 上传队列空闲中...
2024-01-19 22:12:01,006 - DEBUG - 从队列中提取任务
2024-01-19 22:12:06,012 - DEBUG - 上传队列空闲中...
2024-01-19 22:12:06,012 - DEBUG - 从队列中提取任务
2024-01-19 22:12:11,018 - DEBUG - 上传队列空闲中...
2024-01-19 22:12:11,018 - DEBUG - 从队列中提取任务
